<?xml version="1.0" encoding="UTF-8"?>
<!-- Generated by org.testng.reporters.JUnitReportReporter -->
<testsuite hostname="DESKTOP-29A27AQ" failures="0" tests="1" name="OrangeHRM.OrangeHRMLoginTest" time="33.140" errors="0" timestamp="2025-07-05T08:34:32 IST" skipped="0">
  <testcase classname="OrangeHRM.OrangeHRMLoginTest" name="testLogin" time="33.140"/>
</testsuite> <!-- OrangeHRM.OrangeHRMLoginTest -->
