<?xml version="1.0" encoding="UTF-8"?>
<!-- Generated by org.testng.reporters.JUnitReportReporter -->
<testsuite hostname="DESKTOP-29A27AQ" failures="0" tests="4" name="eCommerceApplication.eCommerceTest" time="40.962" errors="0" timestamp="2025-07-10T05:32:18 IST" skipped="0">
  <testcase classname="eCommerceApplication.eCommerceTest" name="loginTest" time="4.562"/>
  <testcase classname="eCommerceApplication.eCommerceTest" name="pageBrowsingTest" time="11.654"/>
  <testcase classname="eCommerceApplication.eCommerceTest" name="productBrowsingTest" time="14.765"/>
  <testcase classname="eCommerceApplication.eCommerceTest" name="cartCheckoutTest" time="9.981"/>
</testsuite> <!-- eCommerceApplication.eCommerceTest -->
