<?xml version="1.0" encoding="UTF-8"?>
<!-- Generated by org.testng.reporters.JUnitReportReporter -->
<testsuite hostname="DESKTOP-29A27AQ" failures="0" tests="4" name="eCommerceApplication.eCommerceTest" time="40.168" errors="0" timestamp="2025-07-10T07:20:01 IST" skipped="0">
  <testcase classname="eCommerceApplication.eCommerceTest" name="loginTest" time="4.167"/>
  <testcase classname="eCommerceApplication.eCommerceTest" name="pageBrowsingTest" time="11.547"/>
  <testcase classname="eCommerceApplication.eCommerceTest" name="productBrowsingTest" time="14.856"/>
  <testcase classname="eCommerceApplication.eCommerceTest" name="cartCheckoutTest" time="9.598"/>
</testsuite> <!-- eCommerceApplication.eCommerceTest -->
