<?xml version="1.0" encoding="UTF-8"?>
<!-- Generated by org.testng.reporters.JUnitReportReporter -->
<testsuite hostname="DESKTOP-29A27AQ" failures="0" tests="5" name="apiAssignment.AssignmentSol_1" time="14.051" errors="0" timestamp="2025-05-24T06:19:03 IST" skipped="0">
  <testcase classname="apiAssignment.AssignmentSol_1" name="GetPetbyStatus" time="8.183"/>
  <testcase classname="apiAssignment.AssignmentSol_1" name="AddNewPet" time="1.696"/>
  <testcase classname="apiAssignment.AssignmentSol_1" name="GetPetByID" time="1.367"/>
  <testcase classname="apiAssignment.AssignmentSol_1" name="UpdatePet" time="1.357"/>
  <testcase classname="apiAssignment.AssignmentSol_1" name="DeletePet" time="1.448"/>
</testsuite> <!-- apiAssignment.AssignmentSol_1 -->
