<?xml version="1.0" encoding="UTF-8"?>
<!-- Generated by org.testng.reporters.JUnitReportReporter -->
<testsuite hostname="DESKTOP-29A27AQ" failures="0" tests="1" name="OrangeHRM.OrangeHRM_1" time="33.930" errors="0" timestamp="2025-07-05T07:44:32 IST" skipped="0">
  <testcase classname="OrangeHRM.OrangeHRM_1" name="orangeHRM" time="33.930"/>
</testsuite> <!-- OrangeHRM.OrangeHRM_1 -->
