<?xml version="1.0" encoding="UTF-8"?>
<!-- Generated by org.testng.reporters.JUnitReportReporter -->
<testsuite hostname="DESKTOP-29A27AQ" failures="0" tests="1" name="apiAssignment.RestfulBookerTest" time="7.404" errors="0" timestamp="2025-05-18T16:44:11 IST" skipped="0">
  <testcase classname="apiAssignment.RestfulBookerTest" name="setup" time="7.404"/>
</testsuite> <!-- apiAssignment.RestfulBookerTest -->
