<?xml version="1.0" encoding="UTF-8"?>
<!-- Generated by org.testng.reporters.JUnitReportReporter -->
<testsuite hostname="DESKTOP-29A27AQ" failures="0" tests="10" name="apiAssignment.TelecomProject" time="24.874" errors="0" timestamp="2025-07-12T07:29:14 IST" skipped="0">
  <testcase classname="apiAssignment.TelecomProject" name="testCreateUser" time="7.611"/>
  <testcase classname="apiAssignment.TelecomProject" name="testLoginUser" time="3.985"/>
  <testcase classname="apiAssignment.TelecomProject" name="testGetUserProfile" time="1.787"/>
  <testcase classname="apiAssignment.TelecomProject" name="testUpdateUser" time="1.531"/>
  <testcase classname="apiAssignment.TelecomProject" name="testAddContact" time="1.793"/>
  <testcase classname="apiAssignment.TelecomProject" name="testGetAllContacts" time="1.723"/>
  <testcase classname="apiAssignment.TelecomProject" name="testGetSpecificContact" time="1.621"/>
  <testcase classname="apiAssignment.TelecomProject" name="testUpdateContact" time="1.565"/>
  <testcase classname="apiAssignment.TelecomProject" name="testPartialUpdateContact" time="1.612"/>
  <testcase classname="apiAssignment.TelecomProject" name="testLogoutUser" time="1.646"/>
</testsuite> <!-- apiAssignment.TelecomProject -->
