<?xml version="1.0" encoding="UTF-8"?>
<!-- Generated by org.testng.reporters.JUnitReportReporter -->
<testsuite hostname="DESKTOP-29A27AQ" failures="0" tests="4" name="OrangeHRM.OHRM_DDT" time="43.729" errors="0" timestamp="2025-07-10T05:57:33 IST" skipped="0">
  <testcase classname="OrangeHRM.OHRM_DDT" name="Ohrmlogin" time="9.576"/>
  <testcase classname="OrangeHRM.OHRM_DDT" name="Ohrmlogin" time="13.413"/>
  <testcase classname="OrangeHRM.OHRM_DDT" name="Ohrmlogin" time="11.415"/>
  <testcase classname="OrangeHRM.OHRM_DDT" name="Ohrmlogin" time="9.325"/>
</testsuite> <!-- OrangeHRM.OHRM_DDT -->
