<?xml version="1.0" encoding="UTF-8"?>
<!-- Generated by org.testng.reporters.JUnitReportReporter -->
<testsuite hostname="DESKTOP-29A27AQ" failures="0" tests="6" name="OrangeHRM.LoginTest" time="33.976" errors="0" timestamp="2025-07-06T16:02:29 IST" skipped="0">
  <testcase classname="OrangeHRM.LoginTest" name="testLogin" time="3.990"/>
  <testcase classname="OrangeHRM.LoginTest" name="countLeftPaneListItems" time="1.111"/>
  <testcase classname="OrangeHRM.LoginTest" name="adminPanel" time="4.249"/>
  <testcase classname="OrangeHRM.LoginTest" name="searchUserTest" time="3.897"/>
  <testcase classname="OrangeHRM.LoginTest" name="searchUserByRoleTest" time="10.376"/>
  <testcase classname="OrangeHRM.LoginTest" name="searchUserByStatus" time="10.353"/>
</testsuite> <!-- OrangeHRM.LoginTest -->
