<?xml version="1.0" encoding="UTF-8"?>
<!-- Generated by org.testng.reporters.JUnitReportReporter -->
<testsuite hostname="DESKTOP-29A27AQ" failures="0" tests="1" name="apiAssignment.AssignmentSol_HashMap" time="5.604" errors="0" timestamp="2025-05-18T17:19:48 IST" skipped="0">
  <testcase classname="apiAssignment.AssignmentSol_HashMap" name="post" time="5.604"/>
</testsuite> <!-- apiAssignment.AssignmentSol_HashMap -->
