<?xml version="1.0" encoding="UTF-8"?>
<!-- Generated by org.testng.reporters.JUnitReportReporter -->
<testsuite hostname="DESKTOP-29A27AQ" failures="0" tests="3" name="com.CRM.SeleniumGrid.ParallelTest" time="218.246" errors="0" timestamp="2025-06-15T12:37:02 IST" skipped="0">
  <testcase classname="com.CRM.SeleniumGrid.ParallelTest" name="crossBrowserTest" time="95.770"/>
  <system-out/>
  <testcase classname="com.CRM.SeleniumGrid.ParallelTest" name="crossBrowserTest" time="35.287"/>
  <system-out/>
  <testcase classname="com.CRM.SeleniumGrid.ParallelTest" name="crossBrowserTest" time="87.189"/>
  <system-out/>
</testsuite> <!-- com.CRM.SeleniumGrid.ParallelTest -->
