<?xml version="1.0" encoding="UTF-8"?>
<!-- Generated by org.testng.reporters.JUnitReportReporter -->
<testsuite hostname="DESKTOP-29A27AQ" failures="0" tests="3" name="com.CRM.TestCase.HomePageTestCase" time="1.970" errors="0" timestamp="2025-06-14T11:16:18 IST" skipped="0">
  <testcase classname="com.CRM.TestCase.HomePageTestCase" name="verifyUrl" time="0.018"/>
  <system-out/>
  <testcase classname="com.CRM.TestCase.HomePageTestCase" name="verifyTitle" time="0.013"/>
  <system-out/>
  <testcase classname="com.CRM.TestCase.HomePageTestCase" name="validateSignInLink" time="1.939"/>
  <system-out/>
</testsuite> <!-- com.CRM.TestCase.HomePageTestCase -->
